<?xml version="1.0" encoding="UTF-8"?>
<!-- Generated by org.testng.reporters.JUnitReportReporter -->
<testsuite skipped="0" hostname="PC712" name="modules.CreateRequestTest" tests="1" failures="0" timestamp="05 Feb 2020 07:58:47 GMT" time="15.799" errors="0">
  <testcase name="testcase01" time="15.799" classname="modules.CreateRequestTest"/>
</testsuite> <!-- modules.CreateRequestTest -->
